<?xml version="1.0" encoding="UTF-8" ?>
<testsuite tests="20" failures="2" name="com.bandtec.projeto.lista.desafio.ListaUtilTest" time="0.029" errors="0" skipped="0">
  <properties>
    <property name="java.vendor" value="AdoptOpenJDK"/>
    <property name="sun.java.launcher" value="SUN_STANDARD"/>
    <property name="os.name" value="Linux"/>
    <property name="sun.desktop" value="gnome"/>
    <property name="java.vm.specification.vendor" value="Oracle Corporation"/>
    <property name="java.runtime.version" value="11.0.11+9"/>
    <property name="user.name" value="aluno"/>
    <property name="java.compiler" value="j9jit29"/>
    <property name="os.encoding" value="UTF-8"/>
    <property name="guice.disable.misplaced.annotation.check" value="true"/>
    <property name="com.ibm.util.extralibs.properties" value=""/>
    <property name="com.ibm.jcl.checkClassPath" value=""/>
    <property name="user.language" value="pt"/>
    <property name="com.ibm.oti.vm.bootstrap.library.path" value="/home/aluno/.sdkman/candidates/java/11.0.11.j9-adpt/lib/default:/home/aluno/.sdkman/candidates/java/11.0.11.j9-adpt/lib"/>
    <property name="sun.boot.library.path" value="/home/aluno/.sdkman/candidates/java/11.0.11.j9-adpt/lib/default:/home/aluno/.sdkman/candidates/java/11.0.11.j9-adpt/lib"/>
    <property name="classworlds.conf" value="/opt/netbeans/java/maven/bin/m2.conf"/>
    <property name="jdk.extensions.version" value="11.0.11.0"/>
    <property name="java.version" value="11.0.11"/>
    <property name="user.timezone" value="America/Sao_Paulo"/>
    <property name="com.ibm.system.agent.path" value="/home/aluno/.sdkman/candidates/java/11.0.11.j9-adpt/lib"/>
    <property name="sun.arch.data.model" value="64"/>
    <property name="com.ibm.oti.vm.library.version" value="29"/>
    <property name="sun.jnu.encoding" value="UTF-8"/>
    <property name="file.encoding.pkg" value="sun.io"/>
    <property name="file.separator" value="/"/>
    <property name="java.specification.name" value="Java Platform API Specification"/>
    <property name="maven.conf" value="/opt/netbeans/java/maven/conf"/>
    <property name="java.class.version" value="55.0"/>
    <property name="user.country" value="BR"/>
    <property name="securerandom.source" value="file:/dev/./urandom"/>
    <property name="java.home" value="/home/aluno/.sdkman/candidates/java/11.0.11.j9-adpt"/>
    <property name="java.vm.info" value="JRE 11 Linux amd64-64-Bit Compressed References 20210421_975 (JIT enabled, AOT enabled)
OpenJ9   - b4cc246d9
OMR      - 162e6f729
JCL      - 7796c80419 based on jdk-11.0.11+9"/>
    <property name="os.version" value="5.13.0-28-generic"/>
    <property name="java.awt.fonts" value=""/>
    <property name="path.separator" value=":"/>
    <property name="java.vm.version" value="openj9-0.26.0"/>
    <property name="user.variant" value=""/>
    <property name="maven.ext.class.path" value="/opt/netbeans/java/maven-nblib/netbeans-eventspy.jar"/>
    <property name="java.awt.printerjob" value="sun.print.PSPrinterJob"/>
    <property name="jdk.extensions.name" value="Extensions for OpenJDK for Eclipse OpenJ9"/>
    <property name="sun.io.unicode.encoding" value="UnicodeLittle"/>
    <property name="awt.toolkit" value="sun.awt.X11.XToolkit"/>
    <property name="ibm.signalhandling.sigint" value="true"/>
    <property name="user.home" value="/home/aluno"/>
    <property name="com.ibm.cpu.endian" value="little"/>
    <property name="java.version.date" value="2021-04-20"/>
    <property name="java.specification.vendor" value="Oracle Corporation"/>
    <property name="test" value="com.bandtec.projeto.lista.desafio.ListaUtilTest"/>
    <property name="ibm.signalhandling.sigchain" value="true"/>
    <property name="library.jansi.path" value="/opt/netbeans/java/maven/lib/jansi-native"/>
    <property name="java.library.path" value="/home/aluno/.sdkman/candidates/java/11.0.11.j9-adpt/lib/default:/home/aluno/.sdkman/candidates/java/11.0.11.j9-adpt/lib:/usr/lib64:/usr/lib"/>
    <property name="java.vendor.url" value="https://adoptopenjdk.net/"/>
    <property name="java.vm.vendor" value="Eclipse OpenJ9"/>
    <property name="java.fullversion" value="11.0.11+9
JRE 11 Linux amd64-64-Bit Compressed References 20210421_975 (JIT enabled, AOT enabled)
OpenJ9   - b4cc246d9
OMR      - 162e6f729
JCL      - 7796c80419 based on jdk-11.0.11+9"/>
    <property name="maven.home" value="/opt/netbeans/java/maven"/>
    <property name="java.runtime.name" value="OpenJDK Runtime Environment"/>
    <property name="sun.java.command" value="org.codehaus.plexus.classworlds.launcher.Launcher -Dtest=com.bandtec.projeto.lista.desafio.ListaUtilTest -Dmaven.ext.class.path=/opt/netbeans/java/maven-nblib/netbeans-eventspy.jar surefire:test"/>
    <property name="java.class.path" value="/opt/netbeans/java/maven/boot/plexus-classworlds-2.6.0.jar"/>
    <property name="java.vm.specification.name" value="Java Virtual Machine Specification"/>
    <property name="sun.java.launcher.pid" value="94195"/>
    <property name="java.vm.specification.version" value="11"/>
    <property name="sun.cpu.endian" value="little"/>
    <property name="java.io.tmpdir" value="/tmp"/>
    <property name="java.vendor.url.bug" value="https://github.com/AdoptOpenJDK/openjdk-support/issues"/>
    <property name="maven.multiModuleProjectDirectory" value="/home/aluno/Desktop/java-2sem/projeto-lista-desafio-incompleto"/>
    <property name="ibm.system.encoding" value="UTF-8"/>
    <property name="os.arch" value="amd64"/>
    <property name="java.awt.graphicsenv" value="sun.awt.X11GraphicsEnvironment"/>
    <property name="ibm.signalhandling.rs" value="false"/>
    <property name="user.dir" value="/home/aluno/Desktop/java-2sem/projeto-lista-desafio-incompleto"/>
    <property name="line.separator" value="
"/>
    <property name="java.vm.name" value="Eclipse OpenJ9 VM"/>
    <property name="com.ibm.oti.shared.enabled" value="false"/>
    <property name="com.ibm.vm.bitmode" value="64"/>
    <property name="file.encoding" value="UTF-8"/>
    <property name="java.specification.version" value="11"/>
    <property name="com.ibm.oti.configuration" value="scar"/>
    <property name="java.vendor.version" value="AdoptOpenJDK-11.0.11+9"/>
  </properties>
  <testcase classname="com.bandtec.projeto.lista.desafio.ListaUtilTest" name="com.bandtec.projeto.lista.desafio.ListaUtilTest.testGetMenorQuandoAcionadoEListaEstaVaziaDeveRetornar0" time="0.004"/>
  <testcase classname="com.bandtec.projeto.lista.desafio.ListaUtilTest" name="com.bandtec.projeto.lista.desafio.ListaUtilTest.testGetMaiorQuandoAcionadoEListaEstaVaziaDeveRetornar0" time="0"/>
  <testcase classname="com.bandtec.projeto.lista.desafio.ListaUtilTest" name="com.bandtec.projeto.lista.desafio.ListaUtilTest.testRemoveQuandoAcionadoComArgumentoNuloNaoAlteraTamanhoDaLista" time="0"/>
  <testcase classname="com.bandtec.projeto.lista.desafio.ListaUtilTest" name="com.bandtec.projeto.lista.desafio.ListaUtilTest.testRemoveQuandoAcionadoComArgumento10DiminuiTamanhoDaLista" time="0"/>
  <testcase classname="com.bandtec.projeto.lista.desafio.ListaUtilTest" name="com.bandtec.projeto.lista.desafio.ListaUtilTest.testHasDuplicidadeQuandoAcionadoEListaPossuiDuplicidadeDeveRetornarTrue" time="0.019">
    <failure message="Index 7 out of bounds for length 7" type="java.lang.IndexOutOfBoundsException">java.lang.IndexOutOfBoundsException: Index 7 out of bounds for length 7
	at java.base/jdk.internal.util.Preconditions.outOfBounds(Preconditions.java:64)
	at java.base/jdk.internal.util.Preconditions.outOfBoundsCheckIndex(Preconditions.java:70)
	at java.base/jdk.internal.util.Preconditions.checkIndex(Preconditions.java:248)
	at java.base/java.util.Objects.checkIndex(Objects.java:372)
	at java.base/java.util.ArrayList.get(ArrayList.java:459)
	at com.bandtec.projeto.lista.desafio.ListaUtil.hasDuplicidade(ListaUtil.java:90)
	at com.bandtec.projeto.lista.desafio.ListaUtilTest.testHasDuplicidadeQuandoAcionadoEListaPossuiDuplicidadeDeveRetornarTrue(ListaUtilTest.java:208)
</failure>
    <system-out>TESTE HASDUPLICIDADE: COM DUPLICIDADE
</system-out>
  </testcase>
  <testcase classname="com.bandtec.projeto.lista.desafio.ListaUtilTest" name="com.bandtec.projeto.lista.desafio.ListaUtilTest.testCountImparesQuandoAcionadoEListaPossui3ImparesRetorna3" time="0.001"/>
  <testcase classname="com.bandtec.projeto.lista.desafio.ListaUtilTest" name="com.bandtec.projeto.lista.desafio.ListaUtilTest.testHasDuplicidadeQuandoAcionadoEListaEstaVaziaDeveRetornarFalse" time="0"/>
  <testcase classname="com.bandtec.projeto.lista.desafio.ListaUtilTest" name="com.bandtec.projeto.lista.desafio.ListaUtilTest.testCountQuandoAcionadoEListaEstaVaziaRetorna0" time="0"/>
  <testcase classname="com.bandtec.projeto.lista.desafio.ListaUtilTest" name="com.bandtec.projeto.lista.desafio.ListaUtilTest.testCountParesQuandoAcionadoEListaPossui6ParesRetorna6" time="0"/>
  <testcase classname="com.bandtec.projeto.lista.desafio.ListaUtilTest" name="com.bandtec.projeto.lista.desafio.ListaUtilTest.testAddQuandoAcionadoComValorPositivosENegativosAumentaTamanhoDaLista" time="0"/>
  <testcase classname="com.bandtec.projeto.lista.desafio.ListaUtilTest" name="com.bandtec.projeto.lista.desafio.ListaUtilTest.testRemoveQuandoAcionadoComArgumento101NaoDiminuiTamanhoDaLista" time="0.001"/>
  <testcase classname="com.bandtec.projeto.lista.desafio.ListaUtilTest" name="com.bandtec.projeto.lista.desafio.ListaUtilTest.testCountImparesQuandoAcionadoEListaEstaVaziaRetorna0" time="0"/>
  <testcase classname="com.bandtec.projeto.lista.desafio.ListaUtilTest" name="com.bandtec.projeto.lista.desafio.ListaUtilTest.testCountParesQuandoAcionadoEListaEstaVaziaRetorna0" time="0"/>
  <testcase classname="com.bandtec.projeto.lista.desafio.ListaUtilTest" name="com.bandtec.projeto.lista.desafio.ListaUtilTest.testCountQuandoAcionadoEListaPossui3IndicesPreenchidosRetorna3" time="0"/>
  <testcase classname="com.bandtec.projeto.lista.desafio.ListaUtilTest" name="com.bandtec.projeto.lista.desafio.ListaUtilTest.testAddQuandoAcionadoComArgumentoNuloNaoAlteraTamanhoDaLista" time="0"/>
  <testcase classname="com.bandtec.projeto.lista.desafio.ListaUtilTest" name="com.bandtec.projeto.lista.desafio.ListaUtilTest.testGetMenorQuandoAcionadoDeveRetornar10Negativo" time="0"/>
  <testcase classname="com.bandtec.projeto.lista.desafio.ListaUtilTest" name="com.bandtec.projeto.lista.desafio.ListaUtilTest.testGetMaiorQuandoAcionadoDeveRetornar42" time="0"/>
  <testcase classname="com.bandtec.projeto.lista.desafio.ListaUtilTest" name="com.bandtec.projeto.lista.desafio.ListaUtilTest.testSomarQuandoAcionadoEListaEstavaziaDeveRetornar0" time="0"/>
  <testcase classname="com.bandtec.projeto.lista.desafio.ListaUtilTest" name="com.bandtec.projeto.lista.desafio.ListaUtilTest.testSomarQuandoAcionadoDeveRetornar42" time="0.001"/>
  <testcase classname="com.bandtec.projeto.lista.desafio.ListaUtilTest" name="com.bandtec.projeto.lista.desafio.ListaUtilTest.testHasDuplicidadeQuandoAcionadoEListaNaoPossuiDuplicidadeDeveRetornarFalse" time="0.003">
    <failure message="Index 6 out of bounds for length 6" type="java.lang.IndexOutOfBoundsException">java.lang.IndexOutOfBoundsException: Index 6 out of bounds for length 6
	at java.base/jdk.internal.util.Preconditions.outOfBounds(Preconditions.java:64)
	at java.base/jdk.internal.util.Preconditions.outOfBoundsCheckIndex(Preconditions.java:70)
	at java.base/jdk.internal.util.Preconditions.checkIndex(Preconditions.java:248)
	at java.base/java.util.Objects.checkIndex(Objects.java:372)
	at java.base/java.util.ArrayList.get(ArrayList.java:459)
	at com.bandtec.projeto.lista.desafio.ListaUtil.hasDuplicidade(ListaUtil.java:90)
	at com.bandtec.projeto.lista.desafio.ListaUtilTest.testHasDuplicidadeQuandoAcionadoEListaNaoPossuiDuplicidadeDeveRetornarFalse(ListaUtilTest.java:223)
</failure>
    <system-out>TESTE HASDUPLICIDADE: SEM DUPLICIDADE
</system-out>
  </testcase>
</testsuite>